Flow report for Project2
Mon Dec 15 22:41:01 2014
Quartus II 64-Bit Version 14.0.0 Build 200 06/17/2014 SJ Full Version


---------------------
; Table of Contents ;
---------------------
  1. Legal Notice
  2. Flow Summary
  3. Flow Settings
  4. Flow Non-Default Global Settings
  5. Flow Elapsed Time
  6. Flow OS Summary
  7. Flow Log
  8. Flow Messages
  9. Flow Suppressed Messages



----------------
; Legal Notice ;
----------------
Copyright (C) 1991-2014 Altera Corporation. All rights reserved.
Your use of Altera Corporation's design tools, logic functions 
and other software and tools, and its AMPP partner logic 
functions, and any output files from any of the foregoing 
(including device programming or simulation files), and any 
associated documentation or information are expressly subject 
to the terms and conditions of the Altera Program License 
Subscription Agreement, the Altera Quartus II License Agreement,
the Altera MegaCore Function License Agreement, or other 
applicable license agreement, including, without limitation, 
that your use is for the sole purpose of programming logic 
devices manufactured by Altera and sold by Altera or its 
authorized distributors.  Please refer to the applicable 
agreement for further details.



+----------------------------------------------------------------------------------+
; Flow Summary                                                                     ;
+------------------------------------+---------------------------------------------+
; Flow Status                        ; Successful - Mon Dec 15 22:41:01 2014       ;
; Quartus II 64-Bit Version          ; 14.0.0 Build 200 06/17/2014 SJ Full Version ;
; Revision Name                      ; Project2                                    ;
; Top-level Entity Name              ; Project2                                    ;
; Family                             ; Cyclone IV E                                ;
; Device                             ; EP4CE115F29C7                               ;
; Timing Models                      ; Final                                       ;
; Total logic elements               ; 4,799 / 114,480 ( 4 % )                     ;
;     Total combinational functions  ; 4,739 / 114,480 ( 4 % )                     ;
;     Dedicated logic registers      ; 513 / 114,480 ( < 1 % )                     ;
; Total registers                    ; 513                                         ;
; Total pins                         ; 11 / 529 ( 2 % )                            ;
; Total virtual pins                 ; 0                                           ;
; Total memory bits                  ; 151,373 / 3,981,312 ( 4 % )                 ;
; Embedded Multiplier 9-bit elements ; 0 / 532 ( 0 % )                             ;
; Total PLLs                         ; 1 / 4 ( 25 % )                              ;
+------------------------------------+---------------------------------------------+


+-----------------------------------------+
; Flow Settings                           ;
+-------------------+---------------------+
; Option            ; Setting             ;
+-------------------+---------------------+
; Start date & time ; 12/15/2014 22:36:37 ;
; Main task         ; Compilation         ;
; Revision Name     ; Project2            ;
+-------------------+---------------------+


+----------------------------------------------------------------------------------------------------------------------+
; Flow Non-Default Global Settings                                                                                     ;
+-------------------------------------+---------------------------------+---------------+-------------+----------------+
; Assignment Name                     ; Value                           ; Default Value ; Entity Name ; Section Id     ;
+-------------------------------------+---------------------------------+---------------+-------------+----------------+
; COMPILER_SIGNATURE_ID               ; 273440549948946.141870459703724 ; --            ; --          ; --             ;
; EDA_OUTPUT_DATA_FORMAT              ; Vhdl                            ; --            ; --          ; eda_simulation ;
; EDA_SIMULATION_TOOL                 ; ModelSim-Altera (VHDL)          ; <None>        ; --          ; --             ;
; IP_GENERATED_DEVICE_FAMILY          ; {Cyclone IV E}                  ; --            ; --          ; --             ;
; IP_GENERATED_DEVICE_FAMILY          ; {Cyclone IV E}                  ; --            ; --          ; --             ;
; IP_GENERATED_DEVICE_FAMILY          ; {Cyclone IV E}                  ; --            ; --          ; --             ;
; IP_GENERATED_DEVICE_FAMILY          ; {Cyclone IV E}                  ; --            ; --          ; --             ;
; IP_GENERATED_DEVICE_FAMILY          ; {Cyclone IV E}                  ; --            ; --          ; --             ;
; IP_GENERATED_DEVICE_FAMILY          ; {Cyclone IV E}                  ; --            ; --          ; --             ;
; IP_GENERATED_DEVICE_FAMILY          ; {Cyclone IV E}                  ; --            ; --          ; --             ;
; IP_GENERATED_DEVICE_FAMILY          ; {Cyclone IV E}                  ; --            ; --          ; --             ;
; IP_GENERATED_DEVICE_FAMILY          ; {Cyclone IV E}                  ; --            ; --          ; --             ;
; IP_GENERATED_DEVICE_FAMILY          ; {Cyclone IV E}                  ; --            ; --          ; --             ;
; IP_GENERATED_DEVICE_FAMILY          ; {Cyclone IV E}                  ; --            ; --          ; --             ;
; IP_GENERATED_DEVICE_FAMILY          ; {Cyclone IV E}                  ; --            ; --          ; --             ;
; IP_GENERATED_DEVICE_FAMILY          ; {Cyclone IV E}                  ; --            ; --          ; --             ;
; IP_GENERATED_DEVICE_FAMILY          ; {Cyclone IV E}                  ; --            ; --          ; --             ;
; IP_GENERATED_DEVICE_FAMILY          ; {Cyclone IV E}                  ; --            ; --          ; --             ;
; IP_GENERATED_DEVICE_FAMILY          ; {Cyclone IV E}                  ; --            ; --          ; --             ;
; IP_GENERATED_DEVICE_FAMILY          ; {Cyclone IV E}                  ; --            ; --          ; --             ;
; IP_GENERATED_DEVICE_FAMILY          ; {Cyclone IV E}                  ; --            ; --          ; --             ;
; IP_GENERATED_DEVICE_FAMILY          ; {Cyclone IV E}                  ; --            ; --          ; --             ;
; IP_GENERATED_DEVICE_FAMILY          ; {Cyclone IV E}                  ; --            ; --          ; --             ;
; IP_GENERATED_DEVICE_FAMILY          ; {Cyclone IV E}                  ; --            ; --          ; --             ;
; IP_GENERATED_DEVICE_FAMILY          ; {Cyclone IV E}                  ; --            ; --          ; --             ;
; IP_GENERATED_DEVICE_FAMILY          ; {Cyclone IV E}                  ; --            ; --          ; --             ;
; IP_GENERATED_DEVICE_FAMILY          ; {Cyclone IV E}                  ; --            ; --          ; --             ;
; IP_GENERATED_DEVICE_FAMILY          ; {Cyclone IV E}                  ; --            ; --          ; --             ;
; IP_GENERATED_DEVICE_FAMILY          ; {Cyclone IV E}                  ; --            ; --          ; --             ;
; IP_GENERATED_DEVICE_FAMILY          ; {Cyclone IV E}                  ; --            ; --          ; --             ;
; IP_TOOL_NAME                        ; LPM_CONSTANT                    ; --            ; --          ; --             ;
; IP_TOOL_NAME                        ; LPM_CONSTANT                    ; --            ; --          ; --             ;
; IP_TOOL_NAME                        ; LPM_CONSTANT                    ; --            ; --          ; --             ;
; IP_TOOL_NAME                        ; LPM_SHIFTREG                    ; --            ; --          ; --             ;
; IP_TOOL_NAME                        ; LPM_COMPARE                     ; --            ; --          ; --             ;
; IP_TOOL_NAME                        ; LPM_COUNTER                     ; --            ; --          ; --             ;
; IP_TOOL_NAME                        ; LPM_COUNTER                     ; --            ; --          ; --             ;
; IP_TOOL_NAME                        ; LPM_COUNTER                     ; --            ; --          ; --             ;
; IP_TOOL_NAME                        ; LPM_COUNTER                     ; --            ; --          ; --             ;
; IP_TOOL_NAME                        ; LPM_ADD_SUB                     ; --            ; --          ; --             ;
; IP_TOOL_NAME                        ; LPM_ADD_SUB                     ; --            ; --          ; --             ;
; IP_TOOL_NAME                        ; LPM_ADD_SUB                     ; --            ; --          ; --             ;
; IP_TOOL_NAME                        ; LPM_ADD_SUB                     ; --            ; --          ; --             ;
; IP_TOOL_NAME                        ; LPM_COUNTER                     ; --            ; --          ; --             ;
; IP_TOOL_NAME                        ; LPM_COMPARE                     ; --            ; --          ; --             ;
; IP_TOOL_NAME                        ; ROM: 1-PORT                     ; --            ; --          ; --             ;
; IP_TOOL_NAME                        ; ROM: 1-PORT                     ; --            ; --          ; --             ;
; IP_TOOL_NAME                        ; ROM: 1-PORT                     ; --            ; --          ; --             ;
; IP_TOOL_NAME                        ; LPM_COMPARE                     ; --            ; --          ; --             ;
; IP_TOOL_NAME                        ; LPM_COMPARE                     ; --            ; --          ; --             ;
; IP_TOOL_NAME                        ; LPM_COMPARE                     ; --            ; --          ; --             ;
; IP_TOOL_NAME                        ; LPM_COMPARE                     ; --            ; --          ; --             ;
; IP_TOOL_NAME                        ; ROM: 1-PORT                     ; --            ; --          ; --             ;
; IP_TOOL_NAME                        ; LPM_COMPARE                     ; --            ; --          ; --             ;
; IP_TOOL_NAME                        ; LPM_COMPARE                     ; --            ; --          ; --             ;
; IP_TOOL_NAME                        ; LPM_COMPARE                     ; --            ; --          ; --             ;
; IP_TOOL_NAME                        ; LPM_COMPARE                     ; --            ; --          ; --             ;
; IP_TOOL_VERSION                     ; 14.0                            ; --            ; --          ; --             ;
; IP_TOOL_VERSION                     ; 14.0                            ; --            ; --          ; --             ;
; IP_TOOL_VERSION                     ; 14.0                            ; --            ; --          ; --             ;
; IP_TOOL_VERSION                     ; 14.0                            ; --            ; --          ; --             ;
; IP_TOOL_VERSION                     ; 14.0                            ; --            ; --          ; --             ;
; IP_TOOL_VERSION                     ; 14.0                            ; --            ; --          ; --             ;
; IP_TOOL_VERSION                     ; 14.0                            ; --            ; --          ; --             ;
; IP_TOOL_VERSION                     ; 14.0                            ; --            ; --          ; --             ;
; IP_TOOL_VERSION                     ; 14.0                            ; --            ; --          ; --             ;
; IP_TOOL_VERSION                     ; 14.0                            ; --            ; --          ; --             ;
; IP_TOOL_VERSION                     ; 14.0                            ; --            ; --          ; --             ;
; IP_TOOL_VERSION                     ; 14.0                            ; --            ; --          ; --             ;
; IP_TOOL_VERSION                     ; 14.0                            ; --            ; --          ; --             ;
; IP_TOOL_VERSION                     ; 14.0                            ; --            ; --          ; --             ;
; IP_TOOL_VERSION                     ; 14.0                            ; --            ; --          ; --             ;
; IP_TOOL_VERSION                     ; 14.0                            ; --            ; --          ; --             ;
; IP_TOOL_VERSION                     ; 14.0                            ; --            ; --          ; --             ;
; IP_TOOL_VERSION                     ; 14.0                            ; --            ; --          ; --             ;
; IP_TOOL_VERSION                     ; 14.0                            ; --            ; --          ; --             ;
; IP_TOOL_VERSION                     ; 14.0                            ; --            ; --          ; --             ;
; IP_TOOL_VERSION                     ; 14.0                            ; --            ; --          ; --             ;
; IP_TOOL_VERSION                     ; 14.0                            ; --            ; --          ; --             ;
; IP_TOOL_VERSION                     ; 14.0                            ; --            ; --          ; --             ;
; IP_TOOL_VERSION                     ; 14.0                            ; --            ; --          ; --             ;
; IP_TOOL_VERSION                     ; 14.0                            ; --            ; --          ; --             ;
; IP_TOOL_VERSION                     ; 14.0                            ; --            ; --          ; --             ;
; IP_TOOL_VERSION                     ; 14.0                            ; --            ; --          ; --             ;
; MAX_CORE_JUNCTION_TEMP              ; 85                              ; --            ; --          ; --             ;
; MIN_CORE_JUNCTION_TEMP              ; 0                               ; --            ; --          ; --             ;
; MISC_FILE                           ; size_const.bsf                  ; --            ; --          ; --             ;
; MISC_FILE                           ; size_const.cmp                  ; --            ; --          ; --             ;
; MISC_FILE                           ; y_const.bsf                     ; --            ; --          ; --             ;
; MISC_FILE                           ; y_const.cmp                     ; --            ; --          ; --             ;
; MISC_FILE                           ; x_const.bsf                     ; --            ; --          ; --             ;
; MISC_FILE                           ; x_const.cmp                     ; --            ; --          ; --             ;
; MISC_FILE                           ; collision_shift_reg.bsf         ; --            ; --          ; --             ;
; MISC_FILE                           ; collision_shift_reg.cmp         ; --            ; --          ; --             ;
; MISC_FILE                           ; large_and.bsf                   ; --            ; --          ; --             ;
; MISC_FILE                           ; large_and.cmp                   ; --            ; --          ; --             ;
; MISC_FILE                           ; pos_counter.bsf                 ; --            ; --          ; --             ;
; MISC_FILE                           ; pos_counter.cmp                 ; --            ; --          ; --             ;
; MISC_FILE                           ; size_counter.bsf                ; --            ; --          ; --             ;
; MISC_FILE                           ; size_counter.cmp                ; --            ; --          ; --             ;
; MISC_FILE                           ; x_vel.bsf                       ; --            ; --          ; --             ;
; MISC_FILE                           ; x_vel.cmp                       ; --            ; --          ; --             ;
; MISC_FILE                           ; y_vel.bsf                       ; --            ; --          ; --             ;
; MISC_FILE                           ; y_vel.cmp                       ; --            ; --          ; --             ;
; MISC_FILE                           ; size_add.bsf                    ; --            ; --          ; --             ;
; MISC_FILE                           ; size_add.cmp                    ; --            ; --          ; --             ;
; MISC_FILE                           ; pos_add.bsf                     ; --            ; --          ; --             ;
; MISC_FILE                           ; pos_add.cmp                     ; --            ; --          ; --             ;
; MISC_FILE                           ; vel_add.bsf                     ; --            ; --          ; --             ;
; MISC_FILE                           ; vel_add.cmp                     ; --            ; --          ; --             ;
; MISC_FILE                           ; y_vel_add.bsf                   ; --            ; --          ; --             ;
; MISC_FILE                           ; y_vel_add.cmp                   ; --            ; --          ; --             ;
; MISC_FILE                           ; game_counter.bsf                ; --            ; --          ; --             ;
; MISC_FILE                           ; game_counter.cmp                ; --            ; --          ; --             ;
; MISC_FILE                           ; a2_on.bsf                       ; --            ; --          ; --             ;
; MISC_FILE                           ; a2_on.cmp                       ; --            ; --          ; --             ;
; MISC_FILE                           ; ship_graphic.bsf                ; --            ; --          ; --             ;
; MISC_FILE                           ; ship_graphic.cmp                ; --            ; --          ; --             ;
; MISC_FILE                           ; small_astro.bsf                 ; --            ; --          ; --             ;
; MISC_FILE                           ; small_astro.cmp                 ; --            ; --          ; --             ;
; MISC_FILE                           ; med_astro.bsf                   ; --            ; --          ; --             ;
; MISC_FILE                           ; med_astro.cmp                   ; --            ; --          ; --             ;
; MISC_FILE                           ; a3_on.bsf                       ; --            ; --          ; --             ;
; MISC_FILE                           ; a3_on.cmp                       ; --            ; --          ; --             ;
; MISC_FILE                           ; a4_on.bsf                       ; --            ; --          ; --             ;
; MISC_FILE                           ; a4_on.cmp                       ; --            ; --          ; --             ;
; MISC_FILE                           ; a5_on.bsf                       ; --            ; --          ; --             ;
; MISC_FILE                           ; a5_on.cmp                       ; --            ; --          ; --             ;
; MISC_FILE                           ; a6_on.bsf                       ; --            ; --          ; --             ;
; MISC_FILE                           ; a6_on.cmp                       ; --            ; --          ; --             ;
; MISC_FILE                           ; digits_rom.bsf                  ; --            ; --          ; --             ;
; MISC_FILE                           ; digits_rom.cmp                  ; --            ; --          ; --             ;
; MISC_FILE                           ; a9_on.bsf                       ; --            ; --          ; --             ;
; MISC_FILE                           ; a9_on.cmp                       ; --            ; --          ; --             ;
; MISC_FILE                           ; a10_on.bsf                      ; --            ; --          ; --             ;
; MISC_FILE                           ; a10_on.cmp                      ; --            ; --          ; --             ;
; MISC_FILE                           ; a11_on.bsf                      ; --            ; --          ; --             ;
; MISC_FILE                           ; a11_on.cmp                      ; --            ; --          ; --             ;
; MISC_FILE                           ; a12_on.bsf                      ; --            ; --          ; --             ;
; MISC_FILE                           ; a12_on.cmp                      ; --            ; --          ; --             ;
; NOMINAL_CORE_SUPPLY_VOLTAGE         ; 1.2V                            ; --            ; --          ; --             ;
; PARTITION_COLOR                     ; 16764057                        ; --            ; --          ; Top            ;
; PARTITION_COLOR                     ; 16764057                        ; --            ; VGA_BALL    ; Top            ;
; PARTITION_FITTER_PRESERVATION_LEVEL ; PLACEMENT_AND_ROUTING           ; --            ; --          ; Top            ;
; PARTITION_FITTER_PRESERVATION_LEVEL ; PLACEMENT_AND_ROUTING           ; --            ; VGA_BALL    ; Top            ;
; PARTITION_NETLIST_TYPE              ; SOURCE                          ; --            ; --          ; Top            ;
; PARTITION_NETLIST_TYPE              ; SOURCE                          ; --            ; VGA_BALL    ; Top            ;
; PROJECT_OUTPUT_DIRECTORY            ; output_files                    ; --            ; --          ; --             ;
+-------------------------------------+---------------------------------+---------------+-------------+----------------+


+-------------------------------------------------------------------------------------------------------------------------------+
; Flow Elapsed Time                                                                                                             ;
+---------------------------+--------------+-------------------------+---------------------+------------------------------------+
; Module Name               ; Elapsed Time ; Average Processors Used ; Peak Virtual Memory ; Total CPU Time (on all processors) ;
+---------------------------+--------------+-------------------------+---------------------+------------------------------------+
; Analysis & Synthesis      ; 00:00:23     ; 1.0                     ; 694 MB              ; 00:00:15                           ;
; Fitter                    ; 00:00:52     ; 2.1                     ; 1692 MB             ; 00:01:14                           ;
; Assembler                 ; 00:00:08     ; 1.0                     ; 531 MB              ; 00:00:04                           ;
; TimeQuest Timing Analyzer ; 00:01:07     ; 1.1                     ; 720 MB              ; 00:00:28                           ;
; EDA Netlist Writer        ; 00:00:30     ; 1.0                     ; 515 MB              ; 00:00:10                           ;
; Total                     ; 00:03:00     ; --                      ; --                  ; 00:02:11                           ;
+---------------------------+--------------+-------------------------+---------------------+------------------------------------+


+----------------------------------------------------------------------------------------+
; Flow OS Summary                                                                        ;
+---------------------------+------------------+-----------+------------+----------------+
; Module Name               ; Machine Hostname ; OS Name   ; OS Version ; Processor type ;
+---------------------------+------------------+-----------+------------+----------------+
; Analysis & Synthesis      ; ENG127-02        ; Windows 7 ; 6.1        ; x86_64         ;
; Fitter                    ; ENG127-02        ; Windows 7 ; 6.1        ; x86_64         ;
; Assembler                 ; ENG127-02        ; Windows 7 ; 6.1        ; x86_64         ;
; TimeQuest Timing Analyzer ; ENG127-02        ; Windows 7 ; 6.1        ; x86_64         ;
; EDA Netlist Writer        ; ENG127-02        ; Windows 7 ; 6.1        ; x86_64         ;
+---------------------------+------------------+-----------+------------+----------------+


------------
; Flow Log ;
------------
quartus_map --read_settings_files=on --write_settings_files=off Project2 -c Project2
quartus_fit --read_settings_files=off --write_settings_files=off Project2 -c Project2
quartus_asm --read_settings_files=off --write_settings_files=off Project2 -c Project2
quartus_sta Project2 -c Project2
quartus_eda --read_settings_files=off --write_settings_files=off Project2 -c Project2



