EDA Netlist Writer report for Project2
Mon Dec 15 22:41:01 2014
Quartus II 64-Bit Version 14.0.0 Build 200 06/17/2014 SJ Full Version


---------------------
; Table of Contents ;
---------------------
  1. Legal Notice
  2. EDA Netlist Writer Summary
  3. Simulation Settings
  4. Simulation Generated Files
  5. EDA Netlist Writer Messages



----------------
; Legal Notice ;
----------------
Copyright (C) 1991-2014 Altera Corporation. All rights reserved.
Your use of Altera Corporation's design tools, logic functions 
and other software and tools, and its AMPP partner logic 
functions, and any output files from any of the foregoing 
(including device programming or simulation files), and any 
associated documentation or information are expressly subject 
to the terms and conditions of the Altera Program License 
Subscription Agreement, the Altera Quartus II License Agreement,
the Altera MegaCore Function License Agreement, or other 
applicable license agreement, including, without limitation, 
that your use is for the sole purpose of programming logic 
devices manufactured by Altera and sold by Altera or its 
authorized distributors.  Please refer to the applicable 
agreement for further details.



+-------------------------------------------------------------------+
; EDA Netlist Writer Summary                                        ;
+---------------------------+---------------------------------------+
; EDA Netlist Writer Status ; Successful - Mon Dec 15 22:41:01 2014 ;
; Revision Name             ; Project2                              ;
; Top-level Entity Name     ; Project2                              ;
; Family                    ; Cyclone IV E                          ;
; Simulation Files Creation ; Successful                            ;
+---------------------------+---------------------------------------+


+----------------------------------------------------------------------------------------------------------------------------+
; Simulation Settings                                                                                                        ;
+---------------------------------------------------------------------------------------------------+------------------------+
; Option                                                                                            ; Setting                ;
+---------------------------------------------------------------------------------------------------+------------------------+
; Tool Name                                                                                         ; ModelSim-Altera (VHDL) ;
; Generate netlist for functional simulation only                                                   ; Off                    ;
; Time scale                                                                                        ; 1 ps                   ;
; Truncate long hierarchy paths                                                                     ; Off                    ;
; Map illegal HDL characters                                                                        ; Off                    ;
; Flatten buses into individual nodes                                                               ; Off                    ;
; Maintain hierarchy                                                                                ; Off                    ;
; Bring out device-wide set/reset signals as ports                                                  ; Off                    ;
; Enable glitch filtering                                                                           ; Off                    ;
; Do not write top level VHDL entity                                                                ; Off                    ;
; Disable detection of setup and hold time violations in the input registers of bi-directional pins ; Off                    ;
; Architecture name in VHDL output netlist                                                          ; structure              ;
; Generate third-party EDA tool command script for RTL functional simulation                        ; Off                    ;
; Generate third-party EDA tool command script for gate-level simulation                            ; Off                    ;
+---------------------------------------------------------------------------------------------------+------------------------+


+-----------------------------------------------------------------------------------------------------------+
; Simulation Generated Files                                                                                ;
+-----------------------------------------------------------------------------------------------------------+
; Generated Files                                                                                           ;
+-----------------------------------------------------------------------------------------------------------+
; M:/f14/Digital_Systems/Project two/Project2_Final/simulation/modelsim/Project2_7_1200mv_85c_slow.vho      ;
; M:/f14/Digital_Systems/Project two/Project2_Final/simulation/modelsim/Project2_7_1200mv_0c_slow.vho       ;
; M:/f14/Digital_Systems/Project two/Project2_Final/simulation/modelsim/Project2_min_1200mv_0c_fast.vho     ;
; M:/f14/Digital_Systems/Project two/Project2_Final/simulation/modelsim/Project2.vho                        ;
; M:/f14/Digital_Systems/Project two/Project2_Final/simulation/modelsim/Project2_7_1200mv_85c_vhd_slow.sdo  ;
; M:/f14/Digital_Systems/Project two/Project2_Final/simulation/modelsim/Project2_7_1200mv_0c_vhd_slow.sdo   ;
; M:/f14/Digital_Systems/Project two/Project2_Final/simulation/modelsim/Project2_min_1200mv_0c_vhd_fast.sdo ;
; M:/f14/Digital_Systems/Project two/Project2_Final/simulation/modelsim/Project2_vhd.sdo                    ;
+-----------------------------------------------------------------------------------------------------------+


+-----------------------------+
; EDA Netlist Writer Messages ;
+-----------------------------+
Info: *******************************************************************
Info: Running Quartus II 64-Bit EDA Netlist Writer
    Info: Version 14.0.0 Build 200 06/17/2014 SJ Full Version
    Info: Processing started: Mon Dec 15 22:40:31 2014
Info: Command: quartus_eda --read_settings_files=off --write_settings_files=off Project2 -c Project2
Info (204019): Generated file Project2_7_1200mv_85c_slow.vho in folder "M:/f14/Digital_Systems/Project two/Project2_Final/simulation/modelsim/" for EDA simulation tool
Info (204019): Generated file Project2_7_1200mv_0c_slow.vho in folder "M:/f14/Digital_Systems/Project two/Project2_Final/simulation/modelsim/" for EDA simulation tool
Info (204019): Generated file Project2_min_1200mv_0c_fast.vho in folder "M:/f14/Digital_Systems/Project two/Project2_Final/simulation/modelsim/" for EDA simulation tool
Info (204019): Generated file Project2.vho in folder "M:/f14/Digital_Systems/Project two/Project2_Final/simulation/modelsim/" for EDA simulation tool
Info (204019): Generated file Project2_7_1200mv_85c_vhd_slow.sdo in folder "M:/f14/Digital_Systems/Project two/Project2_Final/simulation/modelsim/" for EDA simulation tool
Info (204019): Generated file Project2_7_1200mv_0c_vhd_slow.sdo in folder "M:/f14/Digital_Systems/Project two/Project2_Final/simulation/modelsim/" for EDA simulation tool
Info (204019): Generated file Project2_min_1200mv_0c_vhd_fast.sdo in folder "M:/f14/Digital_Systems/Project two/Project2_Final/simulation/modelsim/" for EDA simulation tool
Info (204019): Generated file Project2_vhd.sdo in folder "M:/f14/Digital_Systems/Project two/Project2_Final/simulation/modelsim/" for EDA simulation tool
Info: Quartus II 64-Bit EDA Netlist Writer was successful. 0 errors, 0 warnings
    Info: Peak virtual memory: 518 megabytes
    Info: Processing ended: Mon Dec 15 22:41:01 2014
    Info: Elapsed time: 00:00:30
    Info: Total CPU time (on all processors): 00:00:10


